<?xml version="1.0" encoding="UTF-8"?>
<!-- Generated by org.testng.reporters.JUnitReportReporter -->
<testsuite hostname="DESKTOP-L3DL62K" failures="0" tests="1" name="playground.Assertion_Sample" time="0.016" errors="0" timestamp="2025-07-22T18:50:31 IST" skipped="0">
  <testcase classname="playground.Assertion_Sample" name="checkEqual" time="0.016"/>
</testsuite> <!-- playground.Assertion_Sample -->
