<?xml version="1.0" encoding="UTF-8"?>
<!-- Generated by org.testng.reporters.JUnitReportReporter -->
<testsuite hostname="DESKTOP-L3DL62K" failures="0" tests="2" name="playground.Annotations_Hierarchy_Sample" time="0.036" errors="0" timestamp="2025-07-22T19:04:13 IST" skipped="0">
  <testcase classname="playground.Annotations_Hierarchy_Sample" name="test2" time="0.015"/>
  <testcase classname="playground.Annotations_Hierarchy_Sample" name="f" time="0.021"/>
</testsuite> <!-- playground.Annotations_Hierarchy_Sample -->
