<?xml version="1.0" encoding="UTF-8"?>
<!-- Generated by org.testng.reporters.JUnitReportReporter -->
<testsuite hostname="DESKTOP-L3DL62K" failures="0" tests="6" name="playground.Priority_Sample" time="0.029" errors="0" timestamp="2025-07-21T13:42:14 IST" skipped="0">
  <testcase classname="playground.Priority_Sample" name="startACar" time="0.006"/>
  <testcase classname="playground.Priority_Sample" name="firstGear" time="0.003"/>
  <testcase classname="playground.Priority_Sample" name="secondGear" time="0.002"/>
  <testcase classname="playground.Priority_Sample" name="thirdGear" time="0.006"/>
  <testcase classname="playground.Priority_Sample" name="fourthGear" time="0.009"/>
  <testcase classname="playground.Priority_Sample" name="fifthGear" time="0.003"/>
</testsuite> <!-- playground.Priority_Sample -->
