<?xml version="1.0" encoding="UTF-8"?>
<!-- Generated by org.testng.reporters.JUnitReportReporter -->
<testsuite hostname="DESKTOP-L3DL62K" failures="0" tests="6" name="playground.SkipTestCase_Sample" time="0.030" errors="0" timestamp="2025-07-21T13:42:14 IST" skipped="1">
  <testcase classname="playground.SkipTestCase_Sample" name="startACar" time="0.003"/>
  <testcase classname="playground.SkipTestCase_Sample" name="firstGear" time="0.007"/>
  <testcase classname="playground.SkipTestCase_Sample" name="secondGear" time="0.004"/>
  <testcase classname="playground.SkipTestCase_Sample" name="thirdGear" time="0.007"/>
  <testcase classname="playground.SkipTestCase_Sample" name="fourthGear" time="0.009"/>
  <testcase classname="playground.SkipTestCase_Sample" name="fifthGear">
    <skipped/>
  </testcase> <!-- fifthGear -->
</testsuite> <!-- playground.SkipTestCase_Sample -->
