<?xml version="1.0" encoding="UTF-8"?>
<!-- Generated by org.testng.reporters.JUnitReportReporter -->
<testsuite hostname="DESKTOP-L3DL62K" failures="0" tests="6" name="playground.DependencyManagement_Sample" time="0.026" errors="0" timestamp="2025-07-21T13:42:14 IST" skipped="0">
  <testcase classname="playground.DependencyManagement_Sample" name="fifthGear" time="0.005"/>
  <testcase classname="playground.DependencyManagement_Sample" name="startACar" time="0.003"/>
  <testcase classname="playground.DependencyManagement_Sample" name="fourthGear" time="0.003"/>
  <testcase classname="playground.DependencyManagement_Sample" name="secondGear" time="0.004"/>
  <testcase classname="playground.DependencyManagement_Sample" name="thirdGear" time="0.006"/>
  <testcase classname="playground.DependencyManagement_Sample" name="firstGear" time="0.005"/>
</testsuite> <!-- playground.DependencyManagement_Sample -->
