<?xml version="1.0" encoding="UTF-8"?>
<!-- Generated by org.testng.reporters.JUnitReportReporter -->
<testsuite hostname="DESKTOP-L3DL62K" failures="0" tests="4" name="playground.SuiteCase_Sample" time="7.617" errors="0" timestamp="2025-07-21T13:42:14 IST" skipped="0">
  <testcase classname="playground.SuiteCase_Sample" name="openFireFox" time="1.744"/>
  <testcase classname="playground.SuiteCase_Sample" name="openGoogle" time="1.299"/>
  <testcase classname="playground.SuiteCase_Sample" name="openEdge" time="3.822"/>
  <testcase classname="playground.SuiteCase_Sample" name="openYahoo" time="0.752"/>
</testsuite> <!-- playground.SuiteCase_Sample -->
