<?xml version="1.0" encoding="UTF-8"?>
<!-- Generated by org.testng.reporters.JUnitReportReporter -->
<testsuite hostname="DESKTOP-L3DL62K" failures="0" tests="1" name="playground.Parametrization_Sample" time="0.012" errors="0" timestamp="2025-07-21T16:27:27 IST" skipped="0">
  <testcase classname="playground.Parametrization_Sample" name="empName" time="0.012"/>
</testsuite> <!-- playground.Parametrization_Sample -->
