<?xml version="1.0" encoding="UTF-8"?>
<!-- Generated by org.testng.reporters.JUnitReportReporter -->
<testsuite hostname="DESKTOP-L3DL62K" failures="0" tests="2" name="playground.PrallelTesting_Sample" time="43.917" errors="0" timestamp="2025-07-21T18:15:06 IST" skipped="0">
  <testcase classname="playground.PrallelTesting_Sample" name="openGoogle" time="6.836"/>
  <testcase classname="playground.PrallelTesting_Sample" name="openYahoo" time="37.081"/>
</testsuite> <!-- playground.PrallelTesting_Sample -->
