<?xml version="1.0" encoding="UTF-8"?>
<!-- Generated by org.testng.reporters.JUnitReportReporter -->
<testsuite hostname="DESKTOP-L3DL62K" failures="0" tests="4" name="playground.Grouping_Sample" time="0.031" errors="0" timestamp="2025-07-21T16:19:22 IST" skipped="0">
  <testcase classname="playground.Grouping_Sample" name="samsung2" time="0.007"/>
  <testcase classname="playground.Grouping_Sample" name="samsung1" time="0.008"/>
  <testcase classname="playground.Grouping_Sample" name="apple1" time="0.014"/>
  <testcase classname="playground.Grouping_Sample" name="apple2" time="0.002"/>
</testsuite> <!-- playground.Grouping_Sample -->
